<?xml version="1.0" encoding="UTF-8"?>
<!-- Generated by org.testng.reporters.JUnitXMLReporter -->
<testsuite hostname="Federico-CX-PC" name="Default test" tests="11" failures="0" timestamp="13 May 2015 00:37:19 GMT" time="0.078" errors="0">
  <testcase name="@BeforeMethod before" time="0.0" classname="federico_bechini.training.globant.com.tests.Tests">
    <failure type="org.testng.TestNGException" message="
Parameter &amp;apos;browser&amp;apos; is required by @Configuration on method before but has not been marked @Optional or defined
in C:\Users\federico\AppData\Local\Temp\testng-eclipse--797851374\testng-customsuite.xml">
      <![CDATA[org.testng.TestNGException: 
Parameter 'browser' is required by @Configuration on method before but has not been marked @Optional or defined
in C:\Users\federico\AppData\Local\Temp\testng-eclipse--797851374\testng-customsuite.xml
	at org.testng.internal.Parameters.createParameters(Parameters.java:155)
	at org.testng.internal.Parameters.createParameters(Parameters.java:358)
	at org.testng.internal.Parameters.createConfigurationParameters(Parameters.java:86)
	at org.testng.internal.Invoker.invokeConfigurations(Invoker.java:199)
	at org.testng.internal.Invoker.invokeMethod(Invoker.java:653)
	at org.testng.internal.Invoker.invokeTestMethod(Invoker.java:901)
	at org.testng.internal.Invoker.invokeTestMethods(Invoker.java:1231)
	at org.testng.internal.TestMethodWorker.invokeTestMethods(TestMethodWorker.java:127)
	at org.testng.internal.TestMethodWorker.run(TestMethodWorker.java:111)
	at org.testng.TestRunner.privateRun(TestRunner.java:767)
	at org.testng.TestRunner.run(TestRunner.java:617)
	at org.testng.SuiteRunner.runTest(SuiteRunner.java:334)
	at org.testng.SuiteRunner.runSequentially(SuiteRunner.java:329)
	at org.testng.SuiteRunner.privateRun(SuiteRunner.java:291)
	at org.testng.SuiteRunner.run(SuiteRunner.java:240)
	at org.testng.SuiteRunnerWorker.runSuite(SuiteRunnerWorker.java:52)
	at org.testng.SuiteRunnerWorker.run(SuiteRunnerWorker.java:86)
	at org.testng.TestNG.runSuitesSequentially(TestNG.java:1224)
	at org.testng.TestNG.runSuitesLocally(TestNG.java:1149)
	at org.testng.TestNG.run(TestNG.java:1057)
	at org.testng.remote.RemoteTestNG.run(RemoteTestNG.java:111)
	at org.testng.remote.RemoteTestNG.initAndRun(RemoteTestNG.java:204)
	at org.testng.remote.RemoteTestNG.main(RemoteTestNG.java:175)
]]>
    </failure>
  </testcase> <!-- @BeforeMethod before -->
  <testcase name="@AfterMethod after" time="0.0" classname="federico_bechini.training.globant.com.tests.Tests">
    <skipped/>
  </testcase> <!-- @AfterMethod after -->
  <testcase name="@BeforeMethod before" time="0.0" classname="federico_bechini.training.globant.com.tests.Tests">
    <skipped/>
  </testcase> <!-- @BeforeMethod before -->
  <testcase name="@AfterMethod after" time="0.0" classname="federico_bechini.training.globant.com.tests.Tests">
    <skipped/>
  </testcase> <!-- @AfterMethod after -->
  <testcase name="@BeforeMethod before" time="0.0" classname="federico_bechini.training.globant.com.tests.Tests">
    <skipped/>
  </testcase> <!-- @BeforeMethod before -->
  <testcase name="@AfterMethod after" time="0.0" classname="federico_bechini.training.globant.com.tests.Tests">
    <skipped/>
  </testcase> <!-- @AfterMethod after -->
  <testcase name="@BeforeMethod before" time="0.0" classname="federico_bechini.training.globant.com.tests.Tests">
    <skipped/>
  </testcase> <!-- @BeforeMethod before -->
  <testcase name="@AfterMethod after" time="0.0" classname="federico_bechini.training.globant.com.tests.Tests">
    <skipped/>
  </testcase> <!-- @AfterMethod after -->
  <testcase name="@BeforeMethod before" time="0.0" classname="federico_bechini.training.globant.com.tests.Tests">
    <skipped/>
  </testcase> <!-- @BeforeMethod before -->
  <testcase name="@AfterMethod after" time="0.0" classname="federico_bechini.training.globant.com.tests.Tests">
    <skipped/>
  </testcase> <!-- @AfterMethod after -->
  <testcase name="@BeforeMethod before" time="0.0" classname="federico_bechini.training.globant.com.tests.Tests">
    <skipped/>
  </testcase> <!-- @BeforeMethod before -->
  <testcase name="@AfterMethod after" time="0.0" classname="federico_bechini.training.globant.com.tests.Tests">
    <skipped/>
  </testcase> <!-- @AfterMethod after -->
  <testcase name="@BeforeMethod before" time="0.0" classname="federico_bechini.training.globant.com.tests.Tests">
    <skipped/>
  </testcase> <!-- @BeforeMethod before -->
  <testcase name="@AfterMethod after" time="0.0" classname="federico_bechini.training.globant.com.tests.Tests">
    <skipped/>
  </testcase> <!-- @AfterMethod after -->
  <testcase name="@BeforeMethod before" time="0.0" classname="federico_bechini.training.globant.com.tests.Tests">
    <skipped/>
  </testcase> <!-- @BeforeMethod before -->
  <testcase name="@AfterMethod after" time="0.0" classname="federico_bechini.training.globant.com.tests.Tests">
    <skipped/>
  </testcase> <!-- @AfterMethod after -->
  <testcase name="@BeforeMethod before" time="0.0" classname="federico_bechini.training.globant.com.tests.Tests">
    <skipped/>
  </testcase> <!-- @BeforeMethod before -->
  <testcase name="@AfterMethod after" time="0.0" classname="federico_bechini.training.globant.com.tests.Tests">
    <skipped/>
  </testcase> <!-- @AfterMethod after -->
  <testcase name="@BeforeMethod before" time="0.0" classname="federico_bechini.training.globant.com.tests.Tests">
    <skipped/>
  </testcase> <!-- @BeforeMethod before -->
  <testcase name="@AfterMethod after" time="0.0" classname="federico_bechini.training.globant.com.tests.Tests">
    <skipped/>
  </testcase> <!-- @AfterMethod after -->
  <testcase name="@BeforeMethod before" time="0.0" classname="federico_bechini.training.globant.com.tests.Tests">
    <skipped/>
  </testcase> <!-- @BeforeMethod before -->
  <testcase name="@AfterMethod after" time="0.0" classname="federico_bechini.training.globant.com.tests.Tests">
    <skipped/>
  </testcase> <!-- @AfterMethod after -->
  <testcase name="negativeTest1" time="0.015" classname="federico_bechini.training.globant.com.tests.Tests">
    <skipped/>
  </testcase> <!-- negativeTest1 -->
  <testcase name="negativeTest2" time="0.0" classname="federico_bechini.training.globant.com.tests.Tests">
    <skipped/>
  </testcase> <!-- negativeTest2 -->
  <testcase name="positiveTest1" time="0.0" classname="federico_bechini.training.globant.com.tests.Tests">
    <skipped/>
  </testcase> <!-- positiveTest1 -->
  <testcase name="positiveTest2" time="0.0" classname="federico_bechini.training.globant.com.tests.Tests">
    <skipped/>
  </testcase> <!-- positiveTest2 -->
  <testcase name="vaidateSearchHotelSteps" time="0.0" classname="federico_bechini.training.globant.com.tests.Tests">
    <skipped/>
  </testcase> <!-- vaidateSearchHotelSteps -->
  <testcase name="validateLogout" time="0.0" classname="federico_bechini.training.globant.com.tests.Tests">
    <skipped/>
  </testcase> <!-- validateLogout -->
  <testcase name="validateSearchSteps" time="0.0" classname="federico_bechini.training.globant.com.tests.Tests">
    <skipped/>
  </testcase> <!-- validateSearchSteps -->
  <testcase name="validateSearchStepsLogedIn" time="0.0" classname="federico_bechini.training.globant.com.tests.Tests">
    <skipped/>
  </testcase> <!-- validateSearchStepsLogedIn -->
  <testcase name="validateUserLoged" time="0.0" classname="federico_bechini.training.globant.com.tests.Tests">
    <skipped/>
  </testcase> <!-- validateUserLoged -->
  <testcase name="validateUserLogedFailPassword" time="0.0" classname="federico_bechini.training.globant.com.tests.Tests">
    <skipped/>
  </testcase> <!-- validateUserLogedFailPassword -->
  <testcase name="validateUserLogedFailUsername" time="0.016" classname="federico_bechini.training.globant.com.tests.Tests">
    <skipped/>
  </testcase> <!-- validateUserLogedFailUsername -->
</testsuite> <!-- Default test -->
